<?xml version="1.0" encoding="UTF-8"?>
<!-- Generated by org.testng.reporters.JUnitReportReporter -->
<testsuite hostname="vinus-Air.fios-router.home" name="testngFiles.Annotations" tests="2" failures="0" timestamp="9 Aug 2016 01:31:24 GMT" time="0.024" errors="0">
  <testcase name="FlightBooking" time="0.012" classname="testngFiles.Annotations"/>
  <testcase name="OpeningBrowser" time="0.012" classname="testngFiles.Annotations"/>
</testsuite> <!-- testngFiles.Annotations -->
