<?xml version="1.0" encoding="UTF-8"?>
<!-- Generated by org.testng.reporters.JUnitReportReporter -->
<testsuite hostname="vinus-Air.fios-router.home" name="packTwo.Annotations" tests="1" failures="0" timestamp="9 Aug 2016 01:30:34 GMT" time="0.020" errors="0">
  <testcase name="FlightCancel" time="0.020" classname="packTwo.Annotations"/>
</testsuite> <!-- packTwo.Annotations -->
