<?xml version="1.0" encoding="UTF-8"?>
<!-- Generated by org.testng.reporters.JUnitReportReporter -->
<testsuite hostname="vinus-Air.fios-router.home" name="testngFiles.Annot2" tests="1" failures="0" timestamp="9 Aug 2016 01:31:24 GMT" time="0.004" errors="0">
  <testcase name="software" time="0.004" classname="testngFiles.Annot2"/>
</testsuite> <!-- testngFiles.Annot2 -->
